[0118/222320.009:ERROR:process_info.cc(632)] range at 0xa20a4c5000000000, size 0x1f2 fully unreadable
[0118/222320.011:ERROR:process_info.cc(632)] range at 0xa20a4cb200000000, size 0x1f2 fully unreadable
[0118/222320.011:ERROR:process_info.cc(632)] range at 0x0, size 0x1f2 fully unreadable
[0119/032241.075:ERROR:file_io_win.cc(179)] CreateFile C:\Program Files (x86)\settings.dat: Access is denied. (0x5)
[0119/032241.077:ERROR:registration_protocol_win.cc(84)] TransactNamedPipe: The pipe has been ended. (0x6D)
[0119/032241.078:ERROR:file_io_win.cc(179)] CreateFile C:\Program Files (x86)\settings.dat: Access is denied. (0x5)
[0119/032312.273:ERROR:file_io_win.cc(179)] CreateFile C:\Program Files (x86)\settings.dat: Access is denied. (0x5)
[0119/032312.275:ERROR:registration_protocol_win.cc(84)] TransactNamedPipe: The pipe has been ended. (0x6D)
[0119/032312.276:ERROR:file_io_win.cc(179)] CreateFile C:\Program Files (x86)\settings.dat: Access is denied. (0x5)
[0119/034029.709:ERROR:file_io_win.cc(179)] CreateFile C:\Program Files (x86)\settings.dat: Access is denied. (0x5)
[0119/034029.712:ERROR:registration_protocol_win.cc(84)] TransactNamedPipe: The pipe has been ended. (0x6D)
[0119/034029.713:ERROR:file_io_win.cc(179)] CreateFile C:\Program Files (x86)\settings.dat: Access is denied. (0x5)
[0119/034335.065:ERROR:file_io_win.cc(179)] CreateFile C:\Program Files (x86)\settings.dat: Access is denied. (0x5)
[0119/034335.067:ERROR:registration_protocol_win.cc(84)] TransactNamedPipe: The pipe has been ended. (0x6D)
[0119/034335.068:ERROR:file_io_win.cc(179)] CreateFile C:\Program Files (x86)\settings.dat: Access is denied. (0x5)
[0120/221955.946:ERROR:file_io_win.cc(179)] CreateFile C:\Program Files (x86)\settings.dat: Access is denied. (0x5)
[0120/221955.946:ERROR:registration_protocol_win.cc(84)] TransactNamedPipe: The pipe has been ended. (0x6D)
[0120/221955.946:ERROR:file_io_win.cc(179)] CreateFile C:\Program Files (x86)\settings.dat: Access is denied. (0x5)
[0120/222016.477:ERROR:file_io_win.cc(179)] CreateFile C:\Program Files (x86)\settings.dat: Access is denied. (0x5)
[0120/222016.477:ERROR:registration_protocol_win.cc(84)] TransactNamedPipe: The pipe has been ended. (0x6D)
[0120/222016.477:ERROR:file_io_win.cc(179)] CreateFile C:\Program Files (x86)\settings.dat: Access is denied. (0x5)
[0122/182929.891:ERROR:process_reader_win.cc(123)] NtOpenThread: {Access Denied} A process has requested access to an object, but has not been granted those access rights.  (0xc0000022)
[0122/182930.162:ERROR:exception_snapshot_win.cc(87)] thread ID 7856 not found in process
[0122/182930.162:WARNING:crash_report_exception_handler.cc(62)] ProcessSnapshotWin::Initialize failed
[0123/000224.577:ERROR:file_io_win.cc(179)] CreateFile C:\Program Files (x86)\settings.dat: Access is denied. (0x5)
[0123/000224.579:ERROR:registration_protocol_win.cc(84)] TransactNamedPipe: The pipe has been ended. (0x6D)
[0123/000224.580:ERROR:file_io_win.cc(179)] CreateFile C:\Program Files (x86)\settings.dat: Access is denied. (0x5)
[0123/115140.773:ERROR:file_io_win.cc(179)] CreateFile C:\Program Files (x86)\settings.dat: Access is denied. (0x5)
[0123/115140.775:ERROR:registration_protocol_win.cc(84)] TransactNamedPipe: The pipe has been ended. (0x6D)
[0123/115140.776:ERROR:file_io_win.cc(179)] CreateFile C:\Program Files (x86)\settings.dat: Access is denied. (0x5)
[0123/122004.036:ERROR:file_io_win.cc(179)] CreateFile C:\Program Files (x86)\settings.dat: Access is denied. (0x5)
[0123/122004.039:ERROR:registration_protocol_win.cc(84)] TransactNamedPipe: The pipe has been ended. (0x6D)
[0123/122004.039:ERROR:file_io_win.cc(179)] CreateFile C:\Program Files (x86)\settings.dat: Access is denied. (0x5)
[0123/122227.405:ERROR:file_io_win.cc(179)] CreateFile C:\Program Files (x86)\settings.dat: Access is denied. (0x5)
[0123/122227.407:ERROR:registration_protocol_win.cc(84)] TransactNamedPipe: The pipe has been ended. (0x6D)
[0123/122227.408:ERROR:file_io_win.cc(179)] CreateFile C:\Program Files (x86)\settings.dat: Access is denied. (0x5)
[0123/122307.340:ERROR:file_io_win.cc(179)] CreateFile C:\Program Files (x86)\settings.dat: Access is denied. (0x5)
[0123/122307.342:ERROR:registration_protocol_win.cc(84)] TransactNamedPipe: The pipe has been ended. (0x6D)
[0123/122307.343:ERROR:file_io_win.cc(179)] CreateFile C:\Program Files (x86)\settings.dat: Access is denied. (0x5)
[0123/122321.794:ERROR:crashpad_client_win.cc(130)] crash server failed to launch, self-terminating
[0123/122952.913:ERROR:file_io_win.cc(179)] CreateFile C:\Program Files (x86)\settings.dat: Access is denied. (0x5)
[0123/122952.916:ERROR:registration_protocol_win.cc(84)] TransactNamedPipe: The pipe has been ended. (0x6D)
[0123/122952.916:ERROR:file_io_win.cc(179)] CreateFile C:\Program Files (x86)\settings.dat: Access is denied. (0x5)
[0123/135518.216:ERROR:process_reader_win.cc(123)] NtOpenThread: {Access Denied} A process has requested access to an object, but has not been granted those access rights.  (0xc0000022)
[0123/135518.216:ERROR:exception_snapshot_win.cc(87)] thread ID 13072 not found in process
[0123/135518.216:WARNING:crash_report_exception_handler.cc(62)] ProcessSnapshotWin::Initialize failed
[0123/135633.611:ERROR:file_io_win.cc(179)] CreateFile C:\Program Files (x86)\settings.dat: Access is denied. (0x5)
[0123/135633.614:ERROR:registration_protocol_win.cc(84)] TransactNamedPipe: The pipe has been ended. (0x6D)
[0123/135633.614:ERROR:file_io_win.cc(179)] CreateFile C:\Program Files (x86)\settings.dat: Access is denied. (0x5)
[0123/140343.241:ERROR:process_reader_win.cc(123)] NtOpenThread: {Access Denied} A process has requested access to an object, but has not been granted those access rights.  (0xc0000022)
[0123/140343.241:ERROR:exception_snapshot_win.cc(87)] thread ID 8944 not found in process
[0123/140343.241:WARNING:crash_report_exception_handler.cc(62)] ProcessSnapshotWin::Initialize failed
[0123/143451.297:ERROR:process_reader_win.cc(123)] NtOpenThread: {Access Denied} A process has requested access to an object, but has not been granted those access rights.  (0xc0000022)
[0123/143451.299:ERROR:exception_snapshot_win.cc(87)] thread ID 14060 not found in process
[0123/143451.299:WARNING:crash_report_exception_handler.cc(62)] ProcessSnapshotWin::Initialize failed
[0123/155046.740:ERROR:process_reader_win.cc(123)] NtOpenThread: {Access Denied} A process has requested access to an object, but has not been granted those access rights.  (0xc0000022)
[0123/155046.740:ERROR:exception_snapshot_win.cc(87)] thread ID 4908 not found in process
[0123/155046.740:WARNING:crash_report_exception_handler.cc(62)] ProcessSnapshotWin::Initialize failed
[0123/155354.656:ERROR:process_reader_win.cc(123)] NtOpenThread: {Access Denied} A process has requested access to an object, but has not been granted those access rights.  (0xc0000022)
[0123/155354.657:ERROR:exception_snapshot_win.cc(87)] thread ID 6756 not found in process
[0123/155354.657:WARNING:crash_report_exception_handler.cc(62)] ProcessSnapshotWin::Initialize failed
[0124/085423.738:ERROR:file_io_win.cc(179)] CreateFile C:\Program Files (x86)\settings.dat: Access is denied. (0x5)
[0124/085423.738:ERROR:registration_protocol_win.cc(84)] TransactNamedPipe: The pipe has been ended. (0x6D)
[0124/085423.738:ERROR:file_io_win.cc(179)] CreateFile C:\Program Files (x86)\settings.dat: Access is denied. (0x5)
[0124/085436.738:ERROR:crashpad_client_win.cc(130)] crash server failed to launch, self-terminating
[0124/085458.043:ERROR:file_io_win.cc(179)] CreateFile C:\Program Files (x86)\settings.dat: Access is denied. (0x5)
[0124/085458.043:ERROR:registration_protocol_win.cc(84)] TransactNamedPipe: The pipe has been ended. (0x6D)
[0124/085458.043:ERROR:file_io_win.cc(179)] CreateFile C:\Program Files (x86)\settings.dat: Access is denied. (0x5)
[0124/085658.529:ERROR:file_io_win.cc(179)] CreateFile C:\Program Files (x86)\settings.dat: Access is denied. (0x5)
[0124/085658.529:ERROR:registration_protocol_win.cc(84)] TransactNamedPipe: The pipe has been ended. (0x6D)
[0124/085658.529:ERROR:file_io_win.cc(179)] CreateFile C:\Program Files (x86)\settings.dat: Access is denied. (0x5)
[0124/102929.791:ERROR:process_reader_win.cc(123)] NtOpenThread: {Access Denied} A process has requested access to an object, but has not been granted those access rights.  (0xc0000022)
[0124/102929.791:ERROR:exception_snapshot_win.cc(87)] thread ID 6704 not found in process
[0124/102929.791:WARNING:crash_report_exception_handler.cc(62)] ProcessSnapshotWin::Initialize failed
